Library/Bee/Android/Prj/IL2CPP/Gradle/launcher/build/intermediates/manifest_merge_blame_file/release/manifest-merger-blame-release-report.txt
1<?xml version="1.0" encoding="utf-8"?>
2<manifest xmlns:android="http://schemas.android.com/apk/res/android"
3    package="com.KnowhereGames.ShawarmaTycoon"
4    android:installLocation="preferExternal"
5    android:versionCode="1"
6    android:versionName="1" >
7
8    <uses-sdk
9        android:minSdkVersion="22"
9-->src\main\AndroidManifest.xml
10        android:targetSdkVersion="32" />
10-->src\main\AndroidManifest.xml
11
12    <supports-screens
12-->src\main\AndroidManifest.xml:4:3-163
13        android:anyDensity="true"
13-->src\main\AndroidManifest.xml:4:135-160
14        android:largeScreens="true"
14-->src\main\AndroidManifest.xml:4:78-105
15        android:normalScreens="true"
15-->src\main\AndroidManifest.xml:4:49-77
16        android:smallScreens="true"
16-->src\main\AndroidManifest.xml:4:21-48
17        android:xlargeScreens="true" />
17-->src\main\AndroidManifest.xml:4:106-134
18
19    <uses-permission android:name="android.permission.INTERNET" />
19-->[:unityLibrary] AndroidManifest.xml:10:5-67
19-->[:unityLibrary] AndroidManifest.xml:10:22-64
20
21    <uses-feature android:glEsVersion="0x00030000" />
21-->[:unityLibrary] AndroidManifest.xml:12:5-54
21-->[:unityLibrary] AndroidManifest.xml:12:19-51
22    <uses-feature
22-->[:unityLibrary] AndroidManifest.xml:13:5-15:36
23        android:name="android.hardware.vulkan.version"
23-->[:unityLibrary] AndroidManifest.xml:14:9-55
24        android:required="false" />
24-->[:unityLibrary] AndroidManifest.xml:15:9-33
25    <uses-feature
25-->[:unityLibrary] AndroidManifest.xml:16:5-18:35
26        android:name="android.software.home_screen"
26-->[:unityLibrary] AndroidManifest.xml:17:9-52
27        android:required="true" />
27-->[:unityLibrary] AndroidManifest.xml:18:9-32
28    <uses-feature
28-->[:unityLibrary] AndroidManifest.xml:19:5-21:36
29        android:name="android.hardware.touchscreen"
29-->[:unityLibrary] AndroidManifest.xml:20:9-52
30        android:required="false" />
30-->[:unityLibrary] AndroidManifest.xml:21:9-33
31    <uses-feature
31-->[:unityLibrary] AndroidManifest.xml:22:5-24:36
32        android:name="android.hardware.touchscreen.multitouch"
32-->[:unityLibrary] AndroidManifest.xml:23:9-63
33        android:required="false" />
33-->[:unityLibrary] AndroidManifest.xml:24:9-33
34    <uses-feature
34-->[:unityLibrary] AndroidManifest.xml:25:5-27:36
35        android:name="android.hardware.touchscreen.multitouch.distinct"
35-->[:unityLibrary] AndroidManifest.xml:26:9-72
36        android:required="false" />
36-->[:unityLibrary] AndroidManifest.xml:27:9-33
37
38    <application
38-->src\main\AndroidManifest.xml:3:3-83
39        android:extractNativeLibs="true"
39-->[:unityLibrary] AndroidManifest.xml:29:18-50
40        android:icon="@mipmap/app_icon"
40-->src\main\AndroidManifest.xml:3:49-80
41        android:label="@string/app_name" >
41-->src\main\AndroidManifest.xml:3:16-48
42        <meta-data
42-->[:unityLibrary] AndroidManifest.xml:30:9-32:33
43            android:name="unity.splash-mode"
43-->[:unityLibrary] AndroidManifest.xml:31:13-45
44            android:value="0" />
44-->[:unityLibrary] AndroidManifest.xml:32:13-30
45        <meta-data
45-->[:unityLibrary] AndroidManifest.xml:33:9-35:36
46            android:name="unity.splash-enable"
46-->[:unityLibrary] AndroidManifest.xml:34:13-47
47            android:value="True" />
47-->[:unityLibrary] AndroidManifest.xml:35:13-33
48        <meta-data
48-->[:unityLibrary] AndroidManifest.xml:36:9-38:36
49            android:name="unity.launch-fullscreen"
49-->[:unityLibrary] AndroidManifest.xml:37:13-51
50            android:value="True" />
50-->[:unityLibrary] AndroidManifest.xml:38:13-33
51        <meta-data
51-->[:unityLibrary] AndroidManifest.xml:39:9-41:37
52            android:name="unity.allow-resizable-window"
52-->[:unityLibrary] AndroidManifest.xml:40:13-56
53            android:value="False" />
53-->[:unityLibrary] AndroidManifest.xml:41:13-34
54        <meta-data
54-->[:unityLibrary] AndroidManifest.xml:42:9-44:50
55            android:name="notch.config"
55-->[:unityLibrary] AndroidManifest.xml:43:13-40
56            android:value="portrait|landscape" />
56-->[:unityLibrary] AndroidManifest.xml:44:13-47
57        <meta-data
57-->[:unityLibrary] AndroidManifest.xml:45:9-47:36
58            android:name="unity.auto-report-fully-drawn"
58-->[:unityLibrary] AndroidManifest.xml:46:13-57
59            android:value="true" />
59-->[:unityLibrary] AndroidManifest.xml:47:13-33
60
61        <activity
61-->[:unityLibrary] AndroidManifest.xml:49:9-70:20
62            android:name="com.unity3d.player.UnityPlayerActivity"
62-->[:unityLibrary] AndroidManifest.xml:50:13-66
63            android:configChanges="mcc|mnc|locale|touchscreen|keyboard|keyboardHidden|navigation|orientation|screenLayout|uiMode|screenSize|smallestScreenSize|fontScale|layoutDirection|density"
63-->[:unityLibrary] AndroidManifest.xml:51:13-194
64            android:exported="true"
64-->[:unityLibrary] AndroidManifest.xml:52:13-36
65            android:hardwareAccelerated="false"
65-->[:unityLibrary] AndroidManifest.xml:53:13-48
66            android:launchMode="singleTask"
66-->[:unityLibrary] AndroidManifest.xml:54:13-44
67            android:resizeableActivity="false"
67-->[:unityLibrary] AndroidManifest.xml:55:13-47
68            android:screenOrientation="fullUser"
68-->[:unityLibrary] AndroidManifest.xml:56:13-49
69            android:theme="@style/UnityThemeSelector" >
69-->[:unityLibrary] AndroidManifest.xml:57:13-54
70            <intent-filter>
70-->[:unityLibrary] AndroidManifest.xml:58:13-62:29
71                <category android:name="android.intent.category.LAUNCHER" />
71-->[:unityLibrary] AndroidManifest.xml:59:17-77
71-->[:unityLibrary] AndroidManifest.xml:59:27-74
72
73                <action android:name="android.intent.action.MAIN" />
73-->[:unityLibrary] AndroidManifest.xml:61:17-69
73-->[:unityLibrary] AndroidManifest.xml:61:25-66
74            </intent-filter>
75
76            <meta-data
76-->[:unityLibrary] AndroidManifest.xml:64:13-66:40
77                android:name="unityplayer.UnityActivity"
77-->[:unityLibrary] AndroidManifest.xml:65:17-57
78                android:value="true" />
78-->[:unityLibrary] AndroidManifest.xml:66:17-37
79            <meta-data
79-->[:unityLibrary] AndroidManifest.xml:67:13-69:40
80                android:name="notch_support"
80-->[:unityLibrary] AndroidManifest.xml:68:17-45
81                android:value="true" />
81-->[:unityLibrary] AndroidManifest.xml:69:17-37
82        </activity>
83    </application>
84
85</manifest>